[1124/210943.803:ERROR:directory_reader_win.cc(43)] FindFirstFile: The system cannot find the path specified. (0x3)
[1125/120337.648:ERROR:process_memory_win.cc(73)] ReadMemory at 0x177fca51220 of 72 bytes failed: Only part of a ReadProcessMemory or WriteProcessMemory request was completed. (0x12B)
[1125/120337.758:WARNING:pe_image_annotations_reader.cc(135)] could not read annotations list object in C:\Program Files (x86)\AVAST Software\Browser\Application\87.0.7073.67\chrome_elf.dll
[1125/120337.758:ERROR:process_memory_win.cc(73)] ReadMemory at 0x7ffa96f90000 of 64 bytes failed: Only part of a ReadProcessMemory or WriteProcessMemory request was completed. (0x12B)
[1125/120337.758:WARNING:pe_image_reader.cc(340)] could not read dos header from C:\Windows\SYSTEM32\VERSION.dll
[1125/120337.758:ERROR:process_memory_win.cc(73)] ReadMemory at 0x7ffa9e660000 of 64 bytes failed: Only part of a ReadProcessMemory or WriteProcessMemory request was completed. (0x12B)
[1125/120337.758:WARNING:pe_image_reader.cc(340)] could not read dos header from C:\Windows\System32\msvcrt.dll
[1125/120337.758:ERROR:process_memory_win.cc(73)] ReadMemory at 0x7ffa9d1d0000 of 64 bytes failed: Only part of a ReadProcessMemory or WriteProcessMemory request was completed. (0x12B)
[1125/120337.758:WARNING:pe_image_reader.cc(340)] could not read dos header from C:\Windows\System32\bcryptPrimitives.dll
[1125/120337.758:ERROR:process_memory_win.cc(73)] ReadMemory at 0x7ffa9efd0000 of 64 bytes failed: Only part of a ReadProcessMemory or WriteProcessMemory request was completed. (0x12B)
[1125/120337.758:WARNING:pe_image_reader.cc(340)] could not read dos header from C:\Windows\System32\ADVAPI32.dll
[1125/120337.758:ERROR:process_memory_win.cc(73)] ReadMemory at 0x7ffa9ef20000 of 64 bytes failed: Only part of a ReadProcessMemory or WriteProcessMemory request was completed. (0x12B)
[1125/120337.758:WARNING:pe_image_reader.cc(340)] could not read dos header from C:\Windows\System32\sechost.dll
[1125/120337.758:ERROR:process_memory_win.cc(73)] ReadMemory at 0x7ffa9f770000 of 64 bytes failed: Only part of a ReadProcessMemory or WriteProcessMemory request was completed. (0x12B)
[1125/120337.758:WARNING:pe_image_reader.cc(340)] could not read dos header from C:\Windows\System32\RPCRT4.dll
[1125/120337.758:ERROR:process_memory_win.cc(73)] ReadMemory at 0x7ffa363c0000 of 64 bytes failed: Only part of a ReadProcessMemory or WriteProcessMemory request was completed. (0x12B)
[1125/120337.758:WARNING:pe_image_reader.cc(340)] could not read dos header from C:\Program Files (x86)\AVAST Software\Browser\Application\87.0.7073.67\chrome.dll
[1125/120337.758:ERROR:process_memory_win.cc(73)] ReadMemory at 0x7ffa9ed00000 of 64 bytes failed: Only part of a ReadProcessMemory or WriteProcessMemory request was completed. (0x12B)
[1125/120337.758:WARNING:pe_image_reader.cc(340)] could not read dos header from C:\Windows\System32\WS2_32.dll
[1125/120337.758:ERROR:process_memory_win.cc(73)] ReadMemory at 0x7ffa9e3c0000 of 64 bytes failed: Only part of a ReadProcessMemory or WriteProcessMemory request was completed. (0x12B)
[1125/120337.758:WARNING:pe_image_reader.cc(340)] could not read dos header from C:\Windows\System32\OLEAUT32.dll
[1125/120337.758:ERROR:process_memory_win.cc(73)] ReadMemory at 0x7ffa9dd90000 of 64 bytes failed: Only part of a ReadProcessMemory or WriteProcessMemory request was completed. (0x12B)
[1125/120337.758:WARNING:pe_image_reader.cc(340)] could not read dos header from C:\Windows\System32\msvcp_win.dll
[1125/120337.758:ERROR:process_memory_win.cc(73)] ReadMemory at 0x7ffa9d430000 of 64 bytes failed: Only part of a ReadProcessMemory or WriteProcessMemory request was completed. (0x12B)
[1125/120337.758:WARNING:pe_image_reader.cc(340)] could not read dos header from C:\Windows\System32\ucrtbase.dll
[1125/120337.758:ERROR:process_memory_win.cc(73)] ReadMemory at 0x7ffa9fbc0000 of 64 bytes failed: Only part of a ReadProcessMemory or WriteProcessMemory request was completed. (0x12B)
[1125/120337.758:WARNING:pe_image_reader.cc(340)] could not read dos header from C:\Windows\System32\combase.dll
[1125/120337.758:ERROR:process_memory_win.cc(73)] ReadMemory at 0x7ffa9d250000 of 64 bytes failed: Only part of a ReadProcessMemory or WriteProcessMemory request was completed. (0x12B)
[1125/120337.758:WARNING:pe_image_reader.cc(340)] could not read dos header from C:\Windows\System32\WINTRUST.dll
[1125/120337.758:ERROR:process_memory_win.cc(73)] ReadMemory at 0x7ffa9ce90000 of 64 bytes failed: Only part of a ReadProcessMemory or WriteProcessMemory request was completed. (0x12B)
[1125/120337.758:WARNING:pe_image_reader.cc(340)] could not read dos header from C:\Windows\System32\MSASN1.dll
[1125/120337.758:ERROR:process_memory_win.cc(73)] ReadMemory at 0x7ffa9d2b0000 of 64 bytes failed: Only part of a ReadProcessMemory or WriteProcessMemory request was completed. (0x12B)
[1125/120337.758:WARNING:pe_image_reader.cc(340)] could not read dos header from C:\Windows\System32\CRYPT32.dll
[1125/120337.758:ERROR:process_memory_win.cc(73)] ReadMemory at 0x7ffa93050000 of 64 bytes failed: Only part of a ReadProcessMemory or WriteProcessMemory request was completed. (0x12B)
[1125/120337.758:WARNING:pe_image_reader.cc(340)] could not read dos header from C:\Windows\SYSTEM32\dbghelp.dll
[1125/120337.758:ERROR:process_memory_win.cc(73)] ReadMemory at 0x7ffa9c390000 of 64 bytes failed: Only part of a ReadProcessMemory or WriteProcessMemory request was completed. (0x12B)
[1125/120337.758:WARNING:pe_image_reader.cc(340)] could not read dos header from C:\Windows\SYSTEM32\IPHLPAPI.DLL
[1125/120337.758:ERROR:process_memory_win.cc(73)] ReadMemory at 0x7ffa9ae20000 of 64 bytes failed: Only part of a ReadProcessMemory or WriteProcessMemory request was completed. (0x12B)
[1125/120337.758:WARNING:pe_image_reader.cc(340)] could not read dos header from C:\Windows\SYSTEM32\WINMM.dll
[1125/120337.758:ERROR:process_memory_win.cc(73)] ReadMemory at 0x7ffa7a060000 of 64 bytes failed: Only part of a ReadProcessMemory or WriteProcessMemory request was completed. (0x12B)
[1125/120337.758:WARNING:pe_image_reader.cc(340)] could not read dos header from C:\Windows\SYSTEM32\UIAutomationCore.DLL
[1125/120337.758:ERROR:process_memory_win.cc(73)] ReadMemory at 0x7ffa87d90000 of 64 bytes failed: Only part of a ReadProcessMemory or WriteProcessMemory request was completed. (0x12B)
[1125/120337.758:WARNING:pe_image_reader.cc(340)] could not read dos header from C:\Windows\SYSTEM32\Secur32.dll
[1125/120337.758:ERROR:process_memory_win.cc(73)] ReadMemory at 0x7ffa9cd00000 of 64 bytes failed: Only part of a ReadProcessMemory or WriteProcessMemory request was completed. (0x12B)
[1125/120337.758:WARNING:pe_image_reader.cc(340)] could not read dos header from C:\Windows\SYSTEM32\USERENV.dll
[1125/120337.758:ERROR:process_memory_win.cc(73)] ReadMemory at 0x7ffa9ceb0000 of 64 bytes failed: Only part of a ReadProcessMemory or WriteProcessMemory request was completed. (0x12B)
[1125/120337.758:WARNING:pe_image_reader.cc(340)] could not read dos header from C:\Windows\System32\profapi.dll
[1125/120337.759:ERROR:process_memory_win.cc(73)] ReadMemory at 0x7ffa8c110000 of 64 bytes failed: Only part of a ReadProcessMemory or WriteProcessMemory request was completed. (0x12B)
[1125/120337.759:WARNING:pe_image_reader.cc(340)] could not read dos header from C:\Windows\SYSTEM32\DWrite.dll
[1125/120337.759:ERROR:process_memory_win.cc(73)] ReadMemory at 0x7ffa93930000 of 64 bytes failed: Only part of a ReadProcessMemory or WriteProcessMemory request was completed. (0x12B)
[1125/120337.759:WARNING:pe_image_reader.cc(340)] could not read dos header from C:\Windows\SYSTEM32\WINSPOOL.DRV
[1125/120337.759:ERROR:process_memory_win.cc(73)] ReadMemory at 0x7ffa9ce70000 of 64 bytes failed: Only part of a ReadProcessMemory or WriteProcessMemory request was completed. (0x12B)
[1125/120337.759:WARNING:pe_image_reader.cc(340)] could not read dos header from C:\Windows\System32\kernel.appcore.dll
[1125/120337.759:ERROR:process_memory_win.cc(73)] ReadMemory at 0x7ffa9d400000 of 64 bytes failed: Only part of a ReadProcessMemory or WriteProcessMemory request was completed. (0x12B)
[1125/120337.759:WARNING:pe_image_reader.cc(340)] could not read dos header from C:\Windows\System32\bcrypt.dll
[1125/120337.759:ERROR:process_memory_win.cc(73)] ReadMemory at 0x7ffa92f10000 of 64 bytes failed: Only part of a ReadProcessMemory or WriteProcessMemory request was completed. (0x12B)
[1125/120337.759:WARNING:pe_image_reader.cc(340)] could not read dos header from C:\Windows\SYSTEM32\WINHTTP.dll
[1125/120337.759:ERROR:process_memory_win.cc(73)] ReadMemory at 0x7ffa94d90000 of 64 bytes failed: Only part of a ReadProcessMemory or WriteProcessMemory request was completed. (0x12B)
[1125/120337.759:WARNING:pe_image_reader.cc(340)] could not read dos header from C:\Windows\SYSTEM32\dhcpcsvc.DLL
[1125/120337.759:ERROR:process_memory_win.cc(73)] ReadMemory at 0x7ffa9eeb0000 of 64 bytes failed: Only part of a ReadProcessMemory or WriteProcessMemory request was completed. (0x12B)
[1125/120337.759:WARNING:pe_image_reader.cc(340)] could not read dos header from C:\Windows\System32\NSI.dll
[1125/120337.759:ERROR:process_memory_win.cc(73)] ReadMemory at 0x7ffa9a950000 of 64 bytes failed: Only part of a ReadProcessMemory or WriteProcessMemory request was completed. (0x12B)
[1125/120337.759:WARNING:pe_image_reader.cc(340)] could not read dos header from C:\Windows\SYSTEM32\WINMMBASE.dll
[1125/120337.759:ERROR:process_memory_win.cc(73)] ReadMemory at 0x7ffa9ced0000 of 64 bytes failed: Only part of a ReadProcessMemory or WriteProcessMemory request was completed. (0x12B)
[1125/120337.759:WARNING:pe_image_reader.cc(340)] could not read dos header from C:\Windows\System32\cfgmgr32.dll
[1125/120337.759:ERROR:process_memory_win.cc(73)] ReadMemory at 0x7ffa997a0000 of 64 bytes failed: Only part of a ReadProcessMemory or WriteProcessMemory request was completed. (0x12B)
[1125/120337.759:WARNING:pe_image_reader.cc(340)] could not read dos header from C:\Windows\SYSTEM32\PROPSYS.dll
[1125/120337.759:ERROR:process_memory_win.cc(73)] ReadMemory at 0x7ffa9f920000 of 64 bytes failed: Only part of a ReadProcessMemory or WriteProcessMemory request was completed. (0x12B)
[1125/120337.759:WARNING:pe_image_reader.cc(340)] could not read dos header from C:\Windows\System32\shcore.dll
[1125/120337.759:ERROR:process_memory_win.cc(73)] ReadMemory at 0x7ffa9cd30000 of 64 bytes failed: Only part of a ReadProcessMemory or WriteProcessMemory request was completed. (0x12B)
[1125/120337.759:WARNING:pe_image_reader.cc(340)] could not read dos header from C:\Windows\SYSTEM32\SSPICLI.DLL
[1125/120337.759:ERROR:process_memory_win.cc(73)] ReadMemory at 0x7ffa9c850000 of 64 bytes failed: Only part of a ReadProcessMemory or WriteProcessMemory request was completed. (0x12B)
[1125/120337.759:WARNING:pe_image_reader.cc(340)] could not read dos header from C:\Windows\SYSTEM32\CRYPTBASE.DLL
[1125/120337.759:ERROR:process_memory_win.cc(73)] ReadMemory at 0x7ffa97220000 of 64 bytes failed: Only part of a ReadProcessMemory or WriteProcessMemory request was completed. (0x12B)
[1125/120337.759:WARNING:pe_image_reader.cc(340)] could not read dos header from C:\Windows\SYSTEM32\mfplat.dll
[1125/120337.759:ERROR:process_memory_win.cc(73)] ReadMemory at 0x7ffa96fd0000 of 64 bytes failed: Only part of a ReadProcessMemory or WriteProcessMemory request was completed. (0x12B)
[1125/120337.759:WARNING:pe_image_reader.cc(340)] could not read dos header from C:\Windows\SYSTEM32\RTWorkQ.DLL
[1125/120337.759:ERROR:process_memory_win.cc(73)] ReadMemory at 0x7ffa71d10000 of 64 bytes failed: Only part of a ReadProcessMemory or WriteProcessMemory request was completed. (0x12B)
[1125/120337.759:WARNING:pe_image_reader.cc(340)] could not read dos header from C:\Windows\SYSTEM32\msmpeg2vdec.dll
[1125/120337.759:ERROR:process_memory_win.cc(73)] ReadMemory at 0x7ffa9dfd0000 of 64 bytes failed: Only part of a ReadProcessMemory or WriteProcessMemory request was completed. (0x12B)
[1125/120337.759:WARNING:pe_image_reader.cc(340)] could not read dos header from C:\Windows\System32\cryptsp.dll
[1125/120337.759:ERROR:process_memory_win.cc(73)] ReadMemory at 0x7ffa71710000 of 64 bytes failed: Only part of a ReadProcessMemory or WriteProcessMemory request was completed. (0x12B)
[1125/120337.759:WARNING:pe_image_reader.cc(340)] could not read dos header from C:\Windows\SYSTEM32\mfperfhelper.dll
[1125/120337.759:ERROR:process_memory_win.cc(73)] ReadMemory at 0x7ffa7b870000 of 64 bytes failed: Only part of a ReadProcessMemory or WriteProcessMemory request was completed. (0x12B)
[1125/120337.759:WARNING:pe_image_reader.cc(340)] could not read dos header from C:\Windows\SYSTEM32\evr.dll
[1125/120337.759:ERROR:process_memory_win.cc(73)] ReadMemory at 0x7ffa9ce20000 of 64 bytes failed: Only part of a ReadProcessMemory or WriteProcessMemory request was completed. (0x12B)
[1125/120337.759:WARNING:pe_image_reader.cc(340)] could not read dos header from C:\Windows\System32\powrprof.dll
[1125/120337.759:ERROR:process_memory_win.cc(73)] ReadMemory at 0x7ffa9ce10000 of 64 bytes failed: Only part of a ReadProcessMemory or WriteProcessMemory request was completed. (0x12B)
[1125/120337.759:WARNING:pe_image_reader.cc(340)] could not read dos header from C:\Windows\System32\UMPDC.dll
[1125/120337.759:ERROR:process_memory_win.cc(73)] ReadMemory at 0x7ffa8a380000 of 64 bytes failed: Only part of a ReadProcessMemory or WriteProcessMemory request was completed. (0x12B)
[1125/120337.759:WARNING:pe_image_reader.cc(340)] could not read dos header from C:\Windows\SYSTEM32\msauddecmft.dll
[1125/120337.759:ERROR:process_memory_win.cc(73)] ReadMemory at 0x7ff658e80000 of 64 bytes failed: Only part of a ReadProcessMemory or WriteProcessMemory request was completed. (0x12B)
[1125/120337.759:WARNING:pe_image_reader.cc(340)] could not read dos header from C:\Program Files (x86)\AVAST Software\Browser\Application\AvastBrowser.exe
[1125/120337.759:ERROR:process_memory_win.cc(73)] ReadMemory at 0x7ffa9ff40000 of 64 bytes failed: Only part of a ReadProcessMemory or WriteProcessMemory request was completed. (0x12B)
[1125/120337.759:WARNING:pe_image_reader.cc(340)] could not read dos header from C:\Windows\SYSTEM32\ntdll.dll
[1125/120337.759:ERROR:process_memory_win.cc(73)] ReadMemory at 0x7ffa9e250000 of 64 bytes failed: Only part of a ReadProcessMemory or WriteProcessMemory request was completed. (0x12B)
[1125/120337.760:WARNING:pe_image_reader.cc(340)] could not read dos header from C:\Windows\System32\KERNEL32.DLL
[1125/120337.760:ERROR:process_memory_win.cc(73)] ReadMemory at 0x7ffa9cf20000 of 64 bytes failed: Only part of a ReadProcessMemory or WriteProcessMemory request was completed. (0x12B)
[1125/120337.760:WARNING:pe_image_reader.cc(340)] could not read dos header from C:\Windows\System32\KERNELBASE.dll
[1125/120337.760:ERROR:process_memory_win.cc(73)] ReadMemory at 0x7ffa84000000 of 64 bytes failed: Only part of a ReadProcessMemory or WriteProcessMemory request was completed. (0x12B)
[1125/120337.760:WARNING:pe_image_reader.cc(340)] could not read dos header from C:\Program Files (x86)\AVAST Software\Browser\Application\87.0.7073.67\chrome_elf.dll
[1125/120337.760:ERROR:process_memory_win.cc(73)] ReadMemory at 0x7ffa96f90000 of 64 bytes failed: Only part of a ReadProcessMemory or WriteProcessMemory request was completed. (0x12B)
[1125/120337.760:WARNING:pe_image_reader.cc(340)] could not read dos header from C:\Windows\SYSTEM32\VERSION.dll
[1125/120337.760:ERROR:process_memory_win.cc(73)] ReadMemory at 0x7ffa9e660000 of 64 bytes failed: Only part of a ReadProcessMemory or WriteProcessMemory request was completed. (0x12B)
[1125/120337.760:WARNING:pe_image_reader.cc(340)] could not read dos header from C:\Windows\System32\msvcrt.dll
[1125/120337.760:ERROR:process_memory_win.cc(73)] ReadMemory at 0x7ffa9d1d0000 of 64 bytes failed: Only part of a ReadProcessMemory or WriteProcessMemory request was completed. (0x12B)
[1125/120337.760:WARNING:pe_image_reader.cc(340)] could not read dos header from C:\Windows\System32\bcryptPrimitives.dll
[1125/120337.760:ERROR:process_memory_win.cc(73)] ReadMemory at 0x7ffa9efd0000 of 64 bytes failed: Only part of a ReadProcessMemory or WriteProcessMemory request was completed. (0x12B)
[1125/120337.760:WARNING:pe_image_reader.cc(340)] could not read dos header from C:\Windows\System32\ADVAPI32.dll
[1125/120337.760:ERROR:process_memory_win.cc(73)] ReadMemory at 0x7ffa9ef20000 of 64 bytes failed: Only part of a ReadProcessMemory or WriteProcessMemory request was completed. (0x12B)
[1125/120337.760:WARNING:pe_image_reader.cc(340)] could not read dos header from C:\Windows\System32\sechost.dll
[1125/120337.760:ERROR:process_memory_win.cc(73)] ReadMemory at 0x7ffa9f770000 of 64 bytes failed: Only part of a ReadProcessMemory or WriteProcessMemory request was completed. (0x12B)
[1125/120337.760:WARNING:pe_image_reader.cc(340)] could not read dos header from C:\Windows\System32\RPCRT4.dll
[1125/120337.760:ERROR:process_memory_win.cc(73)] ReadMemory at 0x7ffa363c0000 of 64 bytes failed: Only part of a ReadProcessMemory or WriteProcessMemory request was completed. (0x12B)
[1125/120337.760:WARNING:pe_image_reader.cc(340)] could not read dos header from C:\Program Files (x86)\AVAST Software\Browser\Application\87.0.7073.67\chrome.dll
[1125/120337.760:ERROR:process_memory_win.cc(73)] ReadMemory at 0x7ffa9ed00000 of 64 bytes failed: Only part of a ReadProcessMemory or WriteProcessMemory request was completed. (0x12B)
[1125/120337.760:WARNING:pe_image_reader.cc(340)] could not read dos header from C:\Windows\System32\WS2_32.dll
[1125/120337.760:ERROR:process_memory_win.cc(73)] ReadMemory at 0x7ffa9e3c0000 of 64 bytes failed: Only part of a ReadProcessMemory or WriteProcessMemory request was completed. (0x12B)
[1125/120337.760:WARNING:pe_image_reader.cc(340)] could not read dos header from C:\Windows\System32\OLEAUT32.dll
[1125/120337.760:ERROR:process_memory_win.cc(73)] ReadMemory at 0x7ffa9dd90000 of 64 bytes failed: Only part of a ReadProcessMemory or WriteProcessMemory request was completed. (0x12B)
[1125/120337.760:WARNING:pe_image_reader.cc(340)] could not read dos header from C:\Windows\System32\msvcp_win.dll
[1125/120337.760:ERROR:process_memory_win.cc(73)] ReadMemory at 0x7ffa9d430000 of 64 bytes failed: Only part of a ReadProcessMemory or WriteProcessMemory request was completed. (0x12B)
[1125/120337.760:WARNING:pe_image_reader.cc(340)] could not read dos header from C:\Windows\System32\ucrtbase.dll
[1125/120337.760:ERROR:process_memory_win.cc(73)] ReadMemory at 0x7ffa9fbc0000 of 64 bytes failed: Only part of a ReadProcessMemory or WriteProcessMemory request was completed. (0x12B)
[1125/120337.760:WARNING:pe_image_reader.cc(340)] could not read dos header from C:\Windows\System32\combase.dll
[1125/120337.760:ERROR:process_memory_win.cc(73)] ReadMemory at 0x7ffa9d250000 of 64 bytes failed: Only part of a ReadProcessMemory or WriteProcessMemory request was completed. (0x12B)
[1125/120337.760:WARNING:pe_image_reader.cc(340)] could not read dos header from C:\Windows\System32\WINTRUST.dll
[1125/120337.760:ERROR:process_memory_win.cc(73)] ReadMemory at 0x7ffa9ce90000 of 64 bytes failed: Only part of a ReadProcessMemory or WriteProcessMemory request was completed. (0x12B)
[1125/120337.760:WARNING:pe_image_reader.cc(340)] could not read dos header from C:\Windows\System32\MSASN1.dll
[1125/120337.760:ERROR:process_memory_win.cc(73)] ReadMemory at 0x7ffa9d2b0000 of 64 bytes failed: Only part of a ReadProcessMemory or WriteProcessMemory request was completed. (0x12B)
[1125/120337.760:WARNING:pe_image_reader.cc(340)] could not read dos header from C:\Windows\System32\CRYPT32.dll
[1125/120337.760:ERROR:process_memory_win.cc(73)] ReadMemory at 0x7ffa93050000 of 64 bytes failed: Only part of a ReadProcessMemory or WriteProcessMemory request was completed. (0x12B)
[1125/120337.760:WARNING:pe_image_reader.cc(340)] could not read dos header from C:\Windows\SYSTEM32\dbghelp.dll
[1125/120337.760:ERROR:process_memory_win.cc(73)] ReadMemory at 0x7ffa9c390000 of 64 bytes failed: Only part of a ReadProcessMemory or WriteProcessMemory request was completed. (0x12B)
[1125/120337.760:WARNING:pe_image_reader.cc(340)] could not read dos header from C:\Windows\SYSTEM32\IPHLPAPI.DLL
[1125/120337.760:ERROR:process_memory_win.cc(73)] ReadMemory at 0x7ffa9ae20000 of 64 bytes failed: Only part of a ReadProcessMemory or WriteProcessMemory request was completed. (0x12B)
[1125/120337.760:WARNING:pe_image_reader.cc(340)] could not read dos header from C:\Windows\SYSTEM32\WINMM.dll
[1125/120337.760:ERROR:process_memory_win.cc(73)] ReadMemory at 0x7ffa7a060000 of 64 bytes failed: Only part of a ReadProcessMemory or WriteProcessMemory request was completed. (0x12B)
[1125/120337.760:WARNING:pe_image_reader.cc(340)] could not read dos header from C:\Windows\SYSTEM32\UIAutomationCore.DLL
[1125/120337.760:ERROR:process_memory_win.cc(73)] ReadMemory at 0x7ffa87d90000 of 64 bytes failed: Only part of a ReadProcessMemory or WriteProcessMemory request was completed. (0x12B)
[1125/120337.760:WARNING:pe_image_reader.cc(340)] could not read dos header from C:\Windows\SYSTEM32\Secur32.dll
[1125/120337.760:ERROR:process_memory_win.cc(73)] ReadMemory at 0x7ffa9cd00000 of 64 bytes failed: Only part of a ReadProcessMemory or WriteProcessMemory request was completed. (0x12B)
[1125/120337.760:WARNING:pe_image_reader.cc(340)] could not read dos header from C:\Windows\SYSTEM32\USERENV.dll
[1125/120337.760:ERROR:process_memory_win.cc(73)] ReadMemory at 0x7ffa9ceb0000 of 64 bytes failed: Only part of a ReadProcessMemory or WriteProcessMemory request was completed. (0x12B)
[1125/120337.760:WARNING:pe_image_reader.cc(340)] could not read dos header from C:\Windows\System32\profapi.dll
[1125/120337.760:ERROR:process_memory_win.cc(73)] ReadMemory at 0x7ffa8c110000 of 64 bytes failed: Only part of a ReadProcessMemory or WriteProcessMemory request was completed. (0x12B)
[1125/120337.761:WARNING:pe_image_reader.cc(340)] could not read dos header from C:\Windows\SYSTEM32\DWrite.dll
[1125/120337.761:ERROR:process_memory_win.cc(73)] ReadMemory at 0x7ffa93930000 of 64 bytes failed: Only part of a ReadProcessMemory or WriteProcessMemory request was completed. (0x12B)
[1125/120337.761:WARNING:pe_image_reader.cc(340)] could not read dos header from C:\Windows\SYSTEM32\WINSPOOL.DRV
[1125/120337.761:ERROR:process_memory_win.cc(73)] ReadMemory at 0x7ffa9ce70000 of 64 bytes failed: Only part of a ReadProcessMemory or WriteProcessMemory request was completed. (0x12B)
[1125/120337.761:WARNING:pe_image_reader.cc(340)] could not read dos header from C:\Windows\System32\kernel.appcore.dll
[1125/120337.761:ERROR:process_memory_win.cc(73)] ReadMemory at 0x7ffa9d400000 of 64 bytes failed: Only part of a ReadProcessMemory or WriteProcessMemory request was completed. (0x12B)
[1125/120337.761:WARNING:pe_image_reader.cc(340)] could not read dos header from C:\Windows\System32\bcrypt.dll
[1125/120337.761:ERROR:process_memory_win.cc(73)] ReadMemory at 0x7ffa92f10000 of 64 bytes failed: Only part of a ReadProcessMemory or WriteProcessMemory request was completed. (0x12B)
[1125/120337.761:WARNING:pe_image_reader.cc(340)] could not read dos header from C:\Windows\SYSTEM32\WINHTTP.dll
[1125/120337.761:ERROR:process_memory_win.cc(73)] ReadMemory at 0x7ffa94d90000 of 64 bytes failed: Only part of a ReadProcessMemory or WriteProcessMemory request was completed. (0x12B)
[1125/120337.761:WARNING:pe_image_reader.cc(340)] could not read dos header from C:\Windows\SYSTEM32\dhcpcsvc.DLL
[1125/120337.761:ERROR:process_memory_win.cc(73)] ReadMemory at 0x7ffa9eeb0000 of 64 bytes failed: Only part of a ReadProcessMemory or WriteProcessMemory request was completed. (0x12B)
[1125/120337.761:WARNING:pe_image_reader.cc(340)] could not read dos header from C:\Windows\System32\NSI.dll
[1125/120337.761:ERROR:process_memory_win.cc(73)] ReadMemory at 0x7ffa9a950000 of 64 bytes failed: Only part of a ReadProcessMemory or WriteProcessMemory request was completed. (0x12B)
[1125/120337.761:WARNING:pe_image_reader.cc(340)] could not read dos header from C:\Windows\SYSTEM32\WINMMBASE.dll
[1125/120337.761:ERROR:process_memory_win.cc(73)] ReadMemory at 0x7ffa9ced0000 of 64 bytes failed: Only part of a ReadProcessMemory or WriteProcessMemory request was completed. (0x12B)
[1125/120337.761:WARNING:pe_image_reader.cc(340)] could not read dos header from C:\Windows\System32\cfgmgr32.dll
[1125/120337.761:ERROR:process_memory_win.cc(73)] ReadMemory at 0x7ffa997a0000 of 64 bytes failed: Only part of a ReadProcessMemory or WriteProcessMemory request was completed. (0x12B)
[1125/120337.761:WARNING:pe_image_reader.cc(340)] could not read dos header from C:\Windows\SYSTEM32\PROPSYS.dll
[1125/120337.761:ERROR:process_memory_win.cc(73)] ReadMemory at 0x7ffa9f920000 of 64 bytes failed: Only part of a ReadProcessMemory or WriteProcessMemory request was completed. (0x12B)
[1125/120337.761:WARNING:pe_image_reader.cc(340)] could not read dos header from C:\Windows\System32\shcore.dll
[1125/120337.761:ERROR:process_memory_win.cc(73)] ReadMemory at 0x7ffa9cd30000 of 64 bytes failed: Only part of a ReadProcessMemory or WriteProcessMemory request was completed. (0x12B)
[1125/120337.761:WARNING:pe_image_reader.cc(340)] could not read dos header from C:\Windows\SYSTEM32\SSPICLI.DLL
[1125/120337.761:ERROR:process_memory_win.cc(73)] ReadMemory at 0x7ffa9c850000 of 64 bytes failed: Only part of a ReadProcessMemory or WriteProcessMemory request was completed. (0x12B)
[1125/120337.761:WARNING:pe_image_reader.cc(340)] could not read dos header from C:\Windows\SYSTEM32\CRYPTBASE.DLL
[1125/120337.761:ERROR:process_memory_win.cc(73)] ReadMemory at 0x7ffa97220000 of 64 bytes failed: Only part of a ReadProcessMemory or WriteProcessMemory request was completed. (0x12B)
[1125/120337.761:WARNING:pe_image_reader.cc(340)] could not read dos header from C:\Windows\SYSTEM32\mfplat.dll
[1125/120337.761:ERROR:process_memory_win.cc(73)] ReadMemory at 0x7ffa96fd0000 of 64 bytes failed: Only part of a ReadProcessMemory or WriteProcessMemory request was completed. (0x12B)
[1125/120337.761:WARNING:pe_image_reader.cc(340)] could not read dos header from C:\Windows\SYSTEM32\RTWorkQ.DLL
[1125/120337.761:ERROR:process_memory_win.cc(73)] ReadMemory at 0x7ffa71d10000 of 64 bytes failed: Only part of a ReadProcessMemory or WriteProcessMemory request was completed. (0x12B)
[1125/120337.761:WARNING:pe_image_reader.cc(340)] could not read dos header from C:\Windows\SYSTEM32\msmpeg2vdec.dll
[1125/120337.761:ERROR:process_memory_win.cc(73)] ReadMemory at 0x7ffa9dfd0000 of 64 bytes failed: Only part of a ReadProcessMemory or WriteProcessMemory request was completed. (0x12B)
[1125/120337.761:WARNING:pe_image_reader.cc(340)] could not read dos header from C:\Windows\System32\cryptsp.dll
[1125/120337.761:ERROR:process_memory_win.cc(73)] ReadMemory at 0x7ffa71710000 of 64 bytes failed: Only part of a ReadProcessMemory or WriteProcessMemory request was completed. (0x12B)
[1125/120337.761:WARNING:pe_image_reader.cc(340)] could not read dos header from C:\Windows\SYSTEM32\mfperfhelper.dll
[1125/120337.761:ERROR:process_memory_win.cc(73)] ReadMemory at 0x7ffa7b870000 of 64 bytes failed: Only part of a ReadProcessMemory or WriteProcessMemory request was completed. (0x12B)
[1125/120337.761:WARNING:pe_image_reader.cc(340)] could not read dos header from C:\Windows\SYSTEM32\evr.dll
[1125/120337.761:ERROR:process_memory_win.cc(73)] ReadMemory at 0x7ffa9ce20000 of 64 bytes failed: Only part of a ReadProcessMemory or WriteProcessMemory request was completed. (0x12B)
[1125/120337.761:WARNING:pe_image_reader.cc(340)] could not read dos header from C:\Windows\System32\powrprof.dll
[1125/120337.761:ERROR:process_memory_win.cc(73)] ReadMemory at 0x7ffa9ce10000 of 64 bytes failed: Only part of a ReadProcessMemory or WriteProcessMemory request was completed. (0x12B)
[1125/120337.761:WARNING:pe_image_reader.cc(340)] could not read dos header from C:\Windows\System32\UMPDC.dll
[1125/120337.761:ERROR:process_memory_win.cc(73)] ReadMemory at 0x7ffa8a380000 of 64 bytes failed: Only part of a ReadProcessMemory or WriteProcessMemory request was completed. (0x12B)
[1125/120337.761:WARNING:pe_image_reader.cc(340)] could not read dos header from C:\Windows\SYSTEM32\msauddecmft.dll
[1125/120337.769:ERROR:process_memory_win.cc(73)] ReadMemory at 0x64c5df3000 of 53248 bytes failed: Only part of a ReadProcessMemory or WriteProcessMemory request was completed. (0x12B)
[1125/120337.769:ERROR:process_memory_win.cc(73)] ReadMemory at 0x64c65fe000 of 8192 bytes failed: Only part of a ReadProcessMemory or WriteProcessMemory request was completed. (0x12B)
[1125/120337.770:ERROR:process_memory_win.cc(73)] ReadMemory at 0x64c6dfd000 of 12288 bytes failed: Only part of a ReadProcessMemory or WriteProcessMemory request was completed. (0x12B)
[1125/120337.770:ERROR:process_memory_win.cc(73)] ReadMemory at 0x64c75fe000 of 8192 bytes failed: Only part of a ReadProcessMemory or WriteProcessMemory request was completed. (0x12B)
[1125/120337.770:ERROR:process_memory_win.cc(73)] ReadMemory at 0x64c7dfd000 of 12288 bytes failed: Only part of a ReadProcessMemory or WriteProcessMemory request was completed. (0x12B)
[1125/120337.770:ERROR:process_memory_win.cc(73)] ReadMemory at 0x64c85fe000 of 8192 bytes failed: Only part of a ReadProcessMemory or WriteProcessMemory request was completed. (0x12B)
[1125/120337.770:ERROR:process_memory_win.cc(73)] ReadMemory at 0x64c8dfe000 of 8192 bytes failed: Only part of a ReadProcessMemory or WriteProcessMemory request was completed. (0x12B)
[1125/120337.770:ERROR:process_memory_win.cc(73)] ReadMemory at 0x64c95fd000 of 12288 bytes failed: Only part of a ReadProcessMemory or WriteProcessMemory request was completed. (0x12B)
[1125/120337.770:ERROR:process_memory_win.cc(73)] ReadMemory at 0x64c9dfe000 of 8192 bytes failed: Only part of a ReadProcessMemory or WriteProcessMemory request was completed. (0x12B)
[1125/120337.770:ERROR:process_memory_win.cc(73)] ReadMemory at 0x64ca5fe000 of 8192 bytes failed: Only part of a ReadProcessMemory or WriteProcessMemory request was completed. (0x12B)
[1125/120337.770:ERROR:process_memory_win.cc(73)] ReadMemory at 0x64cadfe000 of 8192 bytes failed: Only part of a ReadProcessMemory or WriteProcessMemory request was completed. (0x12B)
[1125/120337.771:ERROR:process_memory_win.cc(73)] ReadMemory at 0x64cb5fe000 of 8192 bytes failed: Only part of a ReadProcessMemory or WriteProcessMemory request was completed. (0x12B)
[1125/120337.771:ERROR:process_memory_win.cc(73)] ReadMemory at 0x64cbdfe000 of 8192 bytes failed: Only part of a ReadProcessMemory or WriteProcessMemory request was completed. (0x12B)
[1125/120337.771:ERROR:process_memory_win.cc(73)] ReadMemory at 0x64cc5fe000 of 8192 bytes failed: Only part of a ReadProcessMemory or WriteProcessMemory request was completed. (0x12B)
[1125/120337.771:ERROR:process_memory_win.cc(73)] ReadMemory at 0x3897209840 of 512 bytes failed: Only part of a ReadProcessMemory or WriteProcessMemory request was completed. (0x12B)
[1125/120337.771:ERROR:process_memory_win.cc(73)] ReadMemory at 0x389729d1e8 of 512 bytes failed: Only part of a ReadProcessMemory or WriteProcessMemory request was completed. (0x12B)
[1125/120337.771:ERROR:process_memory_win.cc(73)] ReadMemory at 0x64c548c000 of 852 bytes failed: Only part of a ReadProcessMemory or WriteProcessMemory request was completed. (0x12B)
[1125/120337.771:ERROR:process_memory_win.cc(73)] ReadMemory at 0x64c548d000 of 6024 bytes failed: Only part of a ReadProcessMemory or WriteProcessMemory request was completed. (0x12B)
[1125/120337.771:ERROR:process_memory_win.cc(73)] ReadMemory at 0x64c548f000 of 6024 bytes failed: Only part of a ReadProcessMemory or WriteProcessMemory request was completed. (0x12B)
[1125/120337.771:ERROR:process_memory_win.cc(73)] ReadMemory at 0x64c5491000 of 6024 bytes failed: Only part of a ReadProcessMemory or WriteProcessMemory request was completed. (0x12B)
[1125/120337.771:ERROR:process_memory_win.cc(73)] ReadMemory at 0x64c5493000 of 6024 bytes failed: Only part of a ReadProcessMemory or WriteProcessMemory request was completed. (0x12B)
[1125/120337.771:ERROR:process_memory_win.cc(73)] ReadMemory at 0x64c5495000 of 6024 bytes failed: Only part of a ReadProcessMemory or WriteProcessMemory request was completed. (0x12B)
[1125/120337.772:ERROR:process_memory_win.cc(73)] ReadMemory at 0x64c5497000 of 6024 bytes failed: Only part of a ReadProcessMemory or WriteProcessMemory request was completed. (0x12B)
[1125/120337.772:ERROR:process_memory_win.cc(73)] ReadMemory at 0x64c5499000 of 6024 bytes failed: Only part of a ReadProcessMemory or WriteProcessMemory request was completed. (0x12B)
[1125/120337.772:ERROR:process_memory_win.cc(73)] ReadMemory at 0x64c549b000 of 6024 bytes failed: Only part of a ReadProcessMemory or WriteProcessMemory request was completed. (0x12B)
[1125/120337.772:ERROR:process_memory_win.cc(73)] ReadMemory at 0x64c549d000 of 6024 bytes failed: Only part of a ReadProcessMemory or WriteProcessMemory request was completed. (0x12B)
[1125/120337.772:ERROR:process_memory_win.cc(73)] ReadMemory at 0x64c549f000 of 6024 bytes failed: Only part of a ReadProcessMemory or WriteProcessMemory request was completed. (0x12B)
[1125/120337.772:ERROR:process_memory_win.cc(73)] ReadMemory at 0x64c54a1000 of 6024 bytes failed: Only part of a ReadProcessMemory or WriteProcessMemory request was completed. (0x12B)
[1125/120337.772:ERROR:process_memory_win.cc(73)] ReadMemory at 0x64c54a3000 of 6024 bytes failed: Only part of a ReadProcessMemory or WriteProcessMemory request was completed. (0x12B)
[1125/120337.772:ERROR:process_memory_win.cc(73)] ReadMemory at 0x64c54a5000 of 6024 bytes failed: Only part of a ReadProcessMemory or WriteProcessMemory request was completed. (0x12B)
[1125/120337.773:ERROR:process_memory_win.cc(73)] ReadMemory at 0x64c54a7000 of 6024 bytes failed: Only part of a ReadProcessMemory or WriteProcessMemory request was completed. (0x12B)
[1125/120337.773:ERROR:process_memory_win.cc(73)] ReadMemory at 0x177815a0000 of 384 bytes failed: Only part of a ReadProcessMemory or WriteProcessMemory request was completed. (0x12B)
[1125/120337.773:ERROR:process_memory_win.cc(73)] ReadMemory at 0x177815a8150 of 560 bytes failed: Only part of a ReadProcessMemory or WriteProcessMemory request was completed. (0x12B)
[1125/120337.773:ERROR:process_memory_win.cc(73)] ReadMemory at 0x177815d2450 of 512 bytes failed: Only part of a ReadProcessMemory or WriteProcessMemory request was completed. (0x12B)
[1125/120337.773:ERROR:process_memory_win.cc(73)] ReadMemory at 0x177815d8ed0 of 512 bytes failed: Only part of a ReadProcessMemory or WriteProcessMemory request was completed. (0x12B)
[1125/120337.773:ERROR:process_memory_win.cc(73)] ReadMemory at 0x177fc87e1f4 of 512 bytes failed: Only part of a ReadProcessMemory or WriteProcessMemory request was completed. (0x12B)
[1125/120337.773:ERROR:process_memory_win.cc(73)] ReadMemory at 0x177fc9c0d00 of 512 bytes failed: Only part of a ReadProcessMemory or WriteProcessMemory request was completed. (0x12B)
[1125/120337.773:ERROR:process_memory_win.cc(73)] ReadMemory at 0x177fc9c2500 of 512 bytes failed: Only part of a ReadProcessMemory or WriteProcessMemory request was completed. (0x12B)
[1125/120337.774:ERROR:process_memory_win.cc(73)] ReadMemory at 0x177fca40fe0 of 19064 bytes failed: Only part of a ReadProcessMemory or WriteProcessMemory request was completed. (0x12B)
[1125/120337.774:ERROR:process_memory_win.cc(73)] ReadMemory at 0x177fca45a60 of 1012 bytes failed: Only part of a ReadProcessMemory or WriteProcessMemory request was completed. (0x12B)
[1125/120337.774:ERROR:process_memory_win.cc(73)] ReadMemory at 0x177fca460a8 of 148 bytes failed: Only part of a ReadProcessMemory or WriteProcessMemory request was completed. (0x12B)
[1125/120337.774:ERROR:process_memory_win.cc(73)] ReadMemory at 0x177fca4613e of 780 bytes failed: Only part of a ReadProcessMemory or WriteProcessMemory request was completed. (0x12B)
[1125/120337.774:ERROR:process_memory_win.cc(73)] ReadMemory at 0x177fca4644c of 148 bytes failed: Only part of a ReadProcessMemory or WriteProcessMemory request was completed. (0x12B)
[1125/120337.774:ERROR:process_memory_win.cc(73)] ReadMemory at 0x177fca464e2 of 96 bytes failed: Only part of a ReadProcessMemory or WriteProcessMemory request was completed. (0x12B)
[1125/120337.774:ERROR:process_memory_win.cc(73)] ReadMemory at 0x177fca46550 of 58 bytes failed: Only part of a ReadProcessMemory or WriteProcessMemory request was completed. (0x12B)
[1125/120337.774:ERROR:process_memory_win.cc(73)] ReadMemory at 0x177fca46650 of 132 bytes failed: Only part of a ReadProcessMemory or WriteProcessMemory request was completed. (0x12B)
[1125/120337.775:ERROR:process_memory_win.cc(73)] ReadMemory at 0x177fca467e0 of 132 bytes failed: Only part of a ReadProcessMemory or WriteProcessMemory request was completed. (0x12B)
[1125/120337.775:ERROR:process_memory_win.cc(73)] ReadMemory at 0x177fca469a0 of 142 bytes failed: Only part of a ReadProcessMemory or WriteProcessMemory request was completed. (0x12B)
[1125/120337.775:ERROR:process_memory_win.cc(73)] ReadMemory at 0x177fca46ea0 of 132 bytes failed: Only part of a ReadProcessMemory or WriteProcessMemory request was completed. (0x12B)
[1125/120337.775:ERROR:process_memory_win.cc(73)] ReadMemory at 0x177fca47030 of 64 bytes failed: Only part of a ReadProcessMemory or WriteProcessMemory request was completed. (0x12B)
[1125/120337.775:ERROR:process_memory_win.cc(73)] ReadMemory at 0x177fca47200 of 132 bytes failed: Only part of a ReadProcessMemory or WriteProcessMemory request was completed. (0x12B)
[1125/120337.775:ERROR:process_memory_win.cc(73)] ReadMemory at 0x177fca47490 of 132 bytes failed: Only part of a ReadProcessMemory or WriteProcessMemory request was completed. (0x12B)
[1125/120337.775:ERROR:process_memory_win.cc(73)] ReadMemory at 0x177fca47620 of 68 bytes failed: Only part of a ReadProcessMemory or WriteProcessMemory request was completed. (0x12B)
[1125/120337.775:ERROR:process_memory_win.cc(73)] ReadMemory at 0x177fca486f0 of 132 bytes failed: Only part of a ReadProcessMemory or WriteProcessMemory request was completed. (0x12B)
[1125/120337.775:ERROR:process_memory_win.cc(73)] ReadMemory at 0x177fca48880 of 170 bytes failed: Only part of a ReadProcessMemory or WriteProcessMemory request was completed. (0x12B)
[1125/120337.775:ERROR:process_memory_win.cc(73)] ReadMemory at 0x177fca495c0 of 62 bytes failed: Only part of a ReadProcessMemory or WriteProcessMemory request was completed. (0x12B)
[1125/120337.775:ERROR:process_memory_win.cc(73)] ReadMemory at 0x177fca49720 of 132 bytes failed: Only part of a ReadProcessMemory or WriteProcessMemory request was completed. (0x12B)
[1125/120337.775:ERROR:process_memory_win.cc(73)] ReadMemory at 0x177fca498b0 of 60 bytes failed: Only part of a ReadProcessMemory or WriteProcessMemory request was completed. (0x12B)
[1125/120337.775:ERROR:process_memory_win.cc(73)] ReadMemory at 0x177fca58830 of 60 bytes failed: Only part of a ReadProcessMemory or WriteProcessMemory request was completed. (0x12B)
[1125/120337.775:ERROR:process_memory_win.cc(73)] ReadMemory at 0x177fca58920 of 64 bytes failed: Only part of a ReadProcessMemory or WriteProcessMemory request was completed. (0x12B)
[1125/120337.775:ERROR:process_memory_win.cc(73)] ReadMemory at 0x177fca58970 of 64 bytes failed: Only part of a ReadProcessMemory or WriteProcessMemory request was completed. (0x12B)
[1125/120337.775:ERROR:process_memory_win.cc(73)] ReadMemory at 0x177fca58a60 of 66 bytes failed: Only part of a ReadProcessMemory or WriteProcessMemory request was completed. (0x12B)
[1125/120337.775:ERROR:process_memory_win.cc(73)] ReadMemory at 0x177fca58ab0 of 64 bytes failed: Only part of a ReadProcessMemory or WriteProcessMemory request was completed. (0x12B)
[1125/120337.775:ERROR:process_memory_win.cc(73)] ReadMemory at 0x177fca58b00 of 62 bytes failed: Only part of a ReadProcessMemory or WriteProcessMemory request was completed. (0x12B)
[1125/120337.776:ERROR:process_memory_win.cc(73)] ReadMemory at 0x177fca58b50 of 64 bytes failed: Only part of a ReadProcessMemory or WriteProcessMemory request was completed. (0x12B)
[1125/120337.776:ERROR:process_memory_win.cc(73)] ReadMemory at 0x177fca58c90 of 64 bytes failed: Only part of a ReadProcessMemory or WriteProcessMemory request was completed. (0x12B)
[1125/120337.776:ERROR:process_memory_win.cc(73)] ReadMemory at 0x177fca58f10 of 62 bytes failed: Only part of a ReadProcessMemory or WriteProcessMemory request was completed. (0x12B)
[1125/120337.776:ERROR:process_memory_win.cc(73)] ReadMemory at 0x177fca59280 of 60 bytes failed: Only part of a ReadProcessMemory or WriteProcessMemory request was completed. (0x12B)
[1125/120337.776:ERROR:process_memory_win.cc(73)] ReadMemory at 0x177fca592d0 of 62 bytes failed: Only part of a ReadProcessMemory or WriteProcessMemory request was completed. (0x12B)
[1125/120337.776:ERROR:process_memory_win.cc(73)] ReadMemory at 0x177fca59410 of 62 bytes failed: Only part of a ReadProcessMemory or WriteProcessMemory request was completed. (0x12B)
[1125/120337.776:ERROR:process_memory_win.cc(73)] ReadMemory at 0x177fca59690 of 60 bytes failed: Only part of a ReadProcessMemory or WriteProcessMemory request was completed. (0x12B)
[1125/120337.776:ERROR:process_memory_win.cc(73)] ReadMemory at 0x177fca5c970 of 80 bytes failed: Only part of a ReadProcessMemory or WriteProcessMemory request was completed. (0x12B)
[1125/120337.776:ERROR:process_memory_win.cc(73)] ReadMemory at 0x177fca5e1c0 of 132 bytes failed: Only part of a ReadProcessMemory or WriteProcessMemory request was completed. (0x12B)
[1125/120337.776:ERROR:process_memory_win.cc(73)] ReadMemory at 0x177fca5e550 of 80 bytes failed: Only part of a ReadProcessMemory or WriteProcessMemory request was completed. (0x12B)
[1125/120337.776:ERROR:process_memory_win.cc(73)] ReadMemory at 0x177fca5e8b0 of 76 bytes failed: Only part of a ReadProcessMemory or WriteProcessMemory request was completed. (0x12B)
[1125/120337.776:ERROR:process_memory_win.cc(73)] ReadMemory at 0x177fca60180 of 512 bytes failed: Only part of a ReadProcessMemory or WriteProcessMemory request was completed. (0x12B)
[1125/120337.776:ERROR:process_memory_win.cc(73)] ReadMemory at 0x177fca61620 of 132 bytes failed: Only part of a ReadProcessMemory or WriteProcessMemory request was completed. (0x12B)
[1125/120337.776:ERROR:process_memory_win.cc(73)] ReadMemory at 0x177fca61970 of 132 bytes failed: Only part of a ReadProcessMemory or WriteProcessMemory request was completed. (0x12B)
[1125/120337.776:ERROR:process_memory_win.cc(73)] ReadMemory at 0x177fca64370 of 162 bytes failed: Only part of a ReadProcessMemory or WriteProcessMemory request was completed. (0x12B)
[1125/120337.776:ERROR:process_memory_win.cc(73)] ReadMemory at 0x177fca64460 of 132 bytes failed: Only part of a ReadProcessMemory or WriteProcessMemory request was completed. (0x12B)
[1125/120337.776:ERROR:process_memory_win.cc(73)] ReadMemory at 0x177fca65730 of 54 bytes failed: Only part of a ReadProcessMemory or WriteProcessMemory request was completed. (0x12B)
[1125/120337.776:ERROR:process_memory_win.cc(73)] ReadMemory at 0x177fca66b00 of 132 bytes failed: Only part of a ReadProcessMemory or WriteProcessMemory request was completed. (0x12B)
[1125/120337.776:ERROR:process_memory_win.cc(73)] ReadMemory at 0x177fca67180 of 132 bytes failed: Only part of a ReadProcessMemory or WriteProcessMemory request was completed. (0x12B)
[1125/120337.776:ERROR:process_memory_win.cc(73)] ReadMemory at 0x177fca6aee0 of 132 bytes failed: Only part of a ReadProcessMemory or WriteProcessMemory request was completed. (0x12B)
[1125/120337.776:ERROR:process_memory_win.cc(73)] ReadMemory at 0x177fca6b100 of 132 bytes failed: Only part of a ReadProcessMemory or WriteProcessMemory request was completed. (0x12B)
[1125/120337.776:ERROR:process_memory_win.cc(73)] ReadMemory at 0x177fca6b320 of 132 bytes failed: Only part of a ReadProcessMemory or WriteProcessMemory request was completed. (0x12B)
[1125/120337.776:ERROR:process_memory_win.cc(73)] ReadMemory at 0x177fca6b680 of 132 bytes failed: Only part of a ReadProcessMemory or WriteProcessMemory request was completed. (0x12B)
[1125/120337.777:ERROR:process_memory_win.cc(73)] ReadMemory at 0x177fca6b8e0 of 132 bytes failed: Only part of a ReadProcessMemory or WriteProcessMemory request was completed. (0x12B)
[1125/120337.777:ERROR:process_memory_win.cc(73)] ReadMemory at 0x177fca6bb40 of 132 bytes failed: Only part of a ReadProcessMemory or WriteProcessMemory request was completed. (0x12B)
[1125/120337.777:ERROR:process_memory_win.cc(73)] ReadMemory at 0x177fca6bc70 of 132 bytes failed: Only part of a ReadProcessMemory or WriteProcessMemory request was completed. (0x12B)
[1125/120337.777:ERROR:process_memory_win.cc(73)] ReadMemory at 0x177fca6bda0 of 132 bytes failed: Only part of a ReadProcessMemory or WriteProcessMemory request was completed. (0x12B)
[1125/120337.777:ERROR:process_memory_win.cc(73)] ReadMemory at 0x177fca6bed0 of 132 bytes failed: Only part of a ReadProcessMemory or WriteProcessMemory request was completed. (0x12B)
[1125/120337.777:ERROR:process_memory_win.cc(73)] ReadMemory at 0x177fca6c000 of 132 bytes failed: Only part of a ReadProcessMemory or WriteProcessMemory request was completed. (0x12B)
[1125/120337.777:ERROR:process_memory_win.cc(73)] ReadMemory at 0x177fca6c130 of 132 bytes failed: Only part of a ReadProcessMemory or WriteProcessMemory request was completed. (0x12B)
[1125/120337.777:ERROR:process_memory_win.cc(73)] ReadMemory at 0x177fca6c260 of 132 bytes failed: Only part of a ReadProcessMemory or WriteProcessMemory request was completed. (0x12B)
[1125/120337.777:ERROR:process_memory_win.cc(73)] ReadMemory at 0x177fca6c390 of 132 bytes failed: Only part of a ReadProcessMemory or WriteProcessMemory request was completed. (0x12B)
[1125/120337.777:ERROR:process_memory_win.cc(73)] ReadMemory at 0x177fca6c4c0 of 132 bytes failed: Only part of a ReadProcessMemory or WriteProcessMemory request was completed. (0x12B)
[1125/120337.778:ERROR:process_memory_win.cc(73)] ReadMemory at 0x177fca6c5f0 of 132 bytes failed: Only part of a ReadProcessMemory or WriteProcessMemory request was completed. (0x12B)
[1125/120337.778:ERROR:process_memory_win.cc(73)] ReadMemory at 0x177fca6c720 of 132 bytes failed: Only part of a ReadProcessMemory or WriteProcessMemory request was completed. (0x12B)
[1125/120337.778:ERROR:process_memory_win.cc(73)] ReadMemory at 0x177fca6cfe0 of 132 bytes failed: Only part of a ReadProcessMemory or WriteProcessMemory request was completed. (0x12B)
[1125/120337.778:ERROR:process_memory_win.cc(73)] ReadMemory at 0x177fca6d110 of 132 bytes failed: Only part of a ReadProcessMemory or WriteProcessMemory request was completed. (0x12B)
[1125/120337.778:ERROR:process_memory_win.cc(73)] ReadMemory at 0x177fca6d370 of 132 bytes failed: Only part of a ReadProcessMemory or WriteProcessMemory request was completed. (0x12B)
[1125/120337.779:ERROR:process_memory_win.cc(73)] ReadMemory at 0x177fca6d4a0 of 132 bytes failed: Only part of a ReadProcessMemory or WriteProcessMemory request was completed. (0x12B)
[1125/120337.779:ERROR:process_memory_win.cc(73)] ReadMemory at 0x177fca6d5d0 of 132 bytes failed: Only part of a ReadProcessMemory or WriteProcessMemory request was completed. (0x12B)
[1125/120337.779:ERROR:process_memory_win.cc(73)] ReadMemory at 0x177fca6d700 of 132 bytes failed: Only part of a ReadProcessMemory or WriteProcessMemory request was completed. (0x12B)
[1125/120337.779:ERROR:process_memory_win.cc(73)] ReadMemory at 0x177fca6dcf0 of 132 bytes failed: Only part of a ReadProcessMemory or WriteProcessMemory request was completed. (0x12B)
[1125/120337.779:ERROR:process_memory_win.cc(73)] ReadMemory at 0x177fca6de20 of 132 bytes failed: Only part of a ReadProcessMemory or WriteProcessMemory request was completed. (0x12B)
[1125/120337.779:ERROR:process_memory_win.cc(73)] ReadMemory at 0x177fca6df50 of 132 bytes failed: Only part of a ReadProcessMemory or WriteProcessMemory request was completed. (0x12B)
[1125/120337.779:ERROR:process_memory_win.cc(73)] ReadMemory at 0x177fca6e1b0 of 132 bytes failed: Only part of a ReadProcessMemory or WriteProcessMemory request was completed. (0x12B)
[1125/120337.779:ERROR:process_memory_win.cc(73)] ReadMemory at 0x177fca6e410 of 132 bytes failed: Only part of a ReadProcessMemory or WriteProcessMemory request was completed. (0x12B)
[1125/120337.779:ERROR:process_memory_win.cc(73)] ReadMemory at 0x177fca6e540 of 132 bytes failed: Only part of a ReadProcessMemory or WriteProcessMemory request was completed. (0x12B)
[1125/120337.779:ERROR:process_memory_win.cc(73)] ReadMemory at 0x177fca6e670 of 132 bytes failed: Only part of a ReadProcessMemory or WriteProcessMemory request was completed. (0x12B)
[1125/120337.779:ERROR:process_memory_win.cc(73)] ReadMemory at 0x177fca6e7a0 of 132 bytes failed: Only part of a ReadProcessMemory or WriteProcessMemory request was completed. (0x12B)
[1125/120337.779:ERROR:process_memory_win.cc(73)] ReadMemory at 0x177fca6e8d0 of 132 bytes failed: Only part of a ReadProcessMemory or WriteProcessMemory request was completed. (0x12B)
[1125/120337.779:ERROR:process_memory_win.cc(73)] ReadMemory at 0x177fca6ea00 of 132 bytes failed: Only part of a ReadProcessMemory or WriteProcessMemory request was completed. (0x12B)
[1125/120337.779:ERROR:process_memory_win.cc(73)] ReadMemory at 0x177fca6eb30 of 132 bytes failed: Only part of a ReadProcessMemory or WriteProcessMemory request was completed. (0x12B)
[1125/120337.779:ERROR:process_memory_win.cc(73)] ReadMemory at 0x177fca6ec60 of 132 bytes failed: Only part of a ReadProcessMemory or WriteProcessMemory request was completed. (0x12B)
[1125/120337.780:ERROR:process_memory_win.cc(73)] ReadMemory at 0x177fca6ed90 of 132 bytes failed: Only part of a ReadProcessMemory or WriteProcessMemory request was completed. (0x12B)
[1125/120337.780:ERROR:process_memory_win.cc(73)] ReadMemory at 0x177fca6f180 of 60 bytes failed: Only part of a ReadProcessMemory or WriteProcessMemory request was completed. (0x12B)
[1125/120337.780:ERROR:process_memory_win.cc(73)] ReadMemory at 0x177fca6f1d0 of 64 bytes failed: Only part of a ReadProcessMemory or WriteProcessMemory request was completed. (0x12B)
[1125/120337.780:ERROR:process_memory_win.cc(73)] ReadMemory at 0x177fca6f220 of 64 bytes failed: Only part of a ReadProcessMemory or WriteProcessMemory request was completed. (0x12B)
[1125/120337.780:ERROR:process_memory_win.cc(73)] ReadMemory at 0x177fca6f400 of 62 bytes failed: Only part of a ReadProcessMemory or WriteProcessMemory request was completed. (0x12B)
[1125/120337.780:ERROR:process_memory_win.cc(73)] ReadMemory at 0x177fca6f450 of 66 bytes failed: Only part of a ReadProcessMemory or WriteProcessMemory request was completed. (0x12B)
[1125/120337.780:ERROR:process_memory_win.cc(73)] ReadMemory at 0x177fca6f540 of 58 bytes failed: Only part of a ReadProcessMemory or WriteProcessMemory request was completed. (0x12B)
[1125/120337.780:ERROR:process_memory_win.cc(73)] ReadMemory at 0x177fca6f5e0 of 62 bytes failed: Only part of a ReadProcessMemory or WriteProcessMemory request was completed. (0x12B)
[1125/120337.780:ERROR:process_memory_win.cc(73)] ReadMemory at 0x177fca6f680 of 60 bytes failed: Only part of a ReadProcessMemory or WriteProcessMemory request was completed. (0x12B)
[1125/120337.780:ERROR:process_memory_win.cc(73)] ReadMemory at 0x177fca6f810 of 62 bytes failed: Only part of a ReadProcessMemory or WriteProcessMemory request was completed. (0x12B)
[1125/120337.780:ERROR:process_memory_win.cc(73)] ReadMemory at 0x177fca6f9f0 of 62 bytes failed: Only part of a ReadProcessMemory or WriteProcessMemory request was completed. (0x12B)
[1125/120337.780:ERROR:process_memory_win.cc(73)] ReadMemory at 0x177fca6fb80 of 62 bytes failed: Only part of a ReadProcessMemory or WriteProcessMemory request was completed. (0x12B)
[1125/120337.780:ERROR:process_memory_win.cc(73)] ReadMemory at 0x177fca6fd10 of 62 bytes failed: Only part of a ReadProcessMemory or WriteProcessMemory request was completed. (0x12B)
[1125/120337.780:ERROR:process_memory_win.cc(73)] ReadMemory at 0x177fca6fdb0 of 64 bytes failed: Only part of a ReadProcessMemory or WriteProcessMemory request was completed. (0x12B)
[1125/120337.780:ERROR:process_memory_win.cc(73)] ReadMemory at 0x177fca6ff40 of 60 bytes failed: Only part of a ReadProcessMemory or WriteProcessMemory request was completed. (0x12B)
[1125/120337.780:ERROR:process_memory_win.cc(73)] ReadMemory at 0x177fcac1e60 of 66 bytes failed: Only part of a ReadProcessMemory or WriteProcessMemory request was completed. (0x12B)
[1125/120337.780:ERROR:process_memory_win.cc(73)] ReadMemory at 0x177fcad2b50 of 70 bytes failed: Only part of a ReadProcessMemory or WriteProcessMemory request was completed. (0x12B)
[1125/120337.781:ERROR:process_memory_win.cc(73)] ReadMemory at 0x177fcad2c90 of 62 bytes failed: Only part of a ReadProcessMemory or WriteProcessMemory request was completed. (0x12B)
[1125/120337.781:ERROR:process_memory_win.cc(73)] ReadMemory at 0x177fcad2ce0 of 62 bytes failed: Only part of a ReadProcessMemory or WriteProcessMemory request was completed. (0x12B)
[1125/120337.781:ERROR:process_memory_win.cc(73)] ReadMemory at 0x177fcad2ec0 of 60 bytes failed: Only part of a ReadProcessMemory or WriteProcessMemory request was completed. (0x12B)
[1125/120337.781:ERROR:process_memory_win.cc(73)] ReadMemory at 0x177fcad35a0 of 58 bytes failed: Only part of a ReadProcessMemory or WriteProcessMemory request was completed. (0x12B)
[1125/120337.781:ERROR:process_memory_win.cc(73)] ReadMemory at 0x177fcad3640 of 64 bytes failed: Only part of a ReadProcessMemory or WriteProcessMemory request was completed. (0x12B)
[1125/120337.781:ERROR:process_memory_win.cc(73)] ReadMemory at 0x177fcad4810 of 72 bytes failed: Only part of a ReadProcessMemory or WriteProcessMemory request was completed. (0x12B)
[1125/120337.781:ERROR:process_memory_win.cc(73)] ReadMemory at 0x177fcad6590 of 54 bytes failed: Only part of a ReadProcessMemory or WriteProcessMemory request was completed. (0x12B)
[1125/120337.781:ERROR:process_memory_win.cc(73)] ReadMemory at 0x177fcae9640 of 512 bytes failed: Only part of a ReadProcessMemory or WriteProcessMemory request was completed. (0x12B)
[1125/120337.781:ERROR:process_memory_win.cc(73)] ReadMemory at 0x177fcaeb180 of 688 bytes failed: Only part of a ReadProcessMemory or WriteProcessMemory request was completed. (0x12B)
[1125/120337.781:ERROR:process_memory_win.cc(73)] ReadMemory at 0x177fcb1dd60 of 544 bytes failed: Only part of a ReadProcessMemory or WriteProcessMemory request was completed. (0x12B)
[1125/120337.781:ERROR:process_memory_win.cc(73)] ReadMemory at 0x7ffa366e7e51 of 512 bytes failed: Only part of a ReadProcessMemory or WriteProcessMemory request was completed. (0x12B)
[1125/120337.781:ERROR:process_memory_win.cc(73)] ReadMemory at 0x7ffa3854c6a0 of 512 bytes failed: Only part of a ReadProcessMemory or WriteProcessMemory request was completed. (0x12B)
[1125/120337.781:ERROR:process_memory_win.cc(73)] ReadMemory at 0x7ffa38856e4d of 512 bytes failed: Only part of a ReadProcessMemory or WriteProcessMemory request was completed. (0x12B)
[1125/120337.781:ERROR:process_memory_win.cc(73)] ReadMemory at 0x7ffa39f1cd70 of 512 bytes failed: Only part of a ReadProcessMemory or WriteProcessMemory request was completed. (0x12B)
[1125/120337.781:ERROR:process_memory_win.cc(73)] ReadMemory at 0x7ffa3dcdbb70 of 512 bytes failed: Only part of a ReadProcessMemory or WriteProcessMemory request was completed. (0x12B)
[1125/120337.782:ERROR:process_memory_win.cc(73)] ReadMemory at 0x7ffa3e6ac018 of 512 bytes failed: Only part of a ReadProcessMemory or WriteProcessMemory request was completed. (0x12B)
[1125/120337.782:ERROR:process_memory_win.cc(73)] ReadMemory at 0x7ffa3e96de8c of 512 bytes failed: Only part of a ReadProcessMemory or WriteProcessMemory request was completed. (0x12B)
[1125/120337.782:ERROR:process_memory_win.cc(73)] ReadMemory at 0x7ffa9e271f80 of 512 bytes failed: Only part of a ReadProcessMemory or WriteProcessMemory request was completed. (0x12B)
[1125/120337.782:ERROR:process_memory_win.cc(73)] ReadMemory at 0x7ffa9ffdc0c4 of 832 bytes failed: Only part of a ReadProcessMemory or WriteProcessMemory request was completed. (0x12B)
[1125/120337.782:ERROR:process_memory_win.cc(73)] ReadMemory at 0x7ffa9ffdf974 of 608 bytes failed: Only part of a ReadProcessMemory or WriteProcessMemory request was completed. (0x12B)
[1125/120337.782:ERROR:process_memory_win.cc(73)] ReadMemory at 0x7ffaa006c428 of 18 bytes failed: Only part of a ReadProcessMemory or WriteProcessMemory request was completed. (0x12B)
[1125/120337.782:ERROR:process_memory_win.cc(73)] ReadMemory at 0x7ffaa009f4f8 of 40 bytes failed: Only part of a ReadProcessMemory or WriteProcessMemory request was completed. (0x12B)
[1125/120337.782:ERROR:process_memory_win.cc(73)] ReadMemory at 0x7ffaa009f978 of 48 bytes failed: Only part of a ReadProcessMemory or WriteProcessMemory request was completed. (0x12B)
[1125/120337.782:ERROR:process_memory_win.cc(73)] ReadMemory at 0x7ffaa00a53c0 of 64 bytes failed: Only part of a ReadProcessMemory or WriteProcessMemory request was completed. (0x12B)
[1125/120337.790:ERROR:scoped_process_suspend.cc(40)] NtResumeProcess: An attempt was made to access an exiting process. (0xc000010a)
[0105/190133.218:ERROR:directory_reader_win.cc(43)] FindFirstFile: The system cannot find the path specified. (0x3)